<?xml version="1.0" encoding="UTF-8"?>
<robot generator="Robot 6.1 (Python 3.11.4 on win32)" generated="20230721 09:44:49.251" rpa="false" schemaversion="4">
<suite id="s1" name="QuickTest" source="C:\Users\Antwan.Maddox\source\repos\Sandbox\Robot Framework\QuickTest.robot">
<test id="s1-t1" name="Quick Test" line="5">
<kw name="Open Browser" library="SeleniumLibrary">
<arg>http://inv.beaufortfairmont.com/</arg>
<arg>Chrome</arg>
<doc>Opens a new browser instance to the optional ``url``.</doc>
<msg timestamp="20230721 09:44:49.413" level="INFO">Opening browser 'Chrome' to base url 'http://inv.beaufortfairmont.com/'.</msg>
<status status="PASS" starttime="20230721 09:44:49.412" endtime="20230721 09:44:51.265"/>
</kw>
<kw name="Comment" library="BuiltIn">
<arg>Verify that the text "Invoice Manager" is on the page</arg>
<doc>Displays the given messages in the log file as keyword arguments.</doc>
<status status="PASS" starttime="20230721 09:44:51.266" endtime="20230721 09:44:51.266"/>
</kw>
<kw name="Page Should Contain" library="SeleniumLibrary">
<arg>Invoide Manager</arg>
<doc>Verifies that current page contains ``text``.</doc>
<msg timestamp="20230721 09:44:51.414" level="INFO" html="true">&lt;/td&gt;&lt;/tr&gt;&lt;tr&gt;&lt;td colspan="3"&gt;&lt;a href="selenium-screenshot-1.png"&gt;&lt;img src="selenium-screenshot-1.png" width="800px"&gt;&lt;/a&gt;</msg>
<msg timestamp="20230721 09:44:51.414" level="FAIL">Page should have contained text 'Invoide Manager' but did not.</msg>
<status status="FAIL" starttime="20230721 09:44:51.267" endtime="20230721 09:44:51.417"/>
</kw>
<status status="FAIL" starttime="20230721 09:44:49.411" endtime="20230721 09:44:51.418">Page should have contained text 'Invoide Manager' but did not.</status>
</test>
<status status="FAIL" starttime="20230721 09:44:49.251" endtime="20230721 09:44:51.420"/>
</suite>
<statistics>
<total>
<stat pass="0" fail="1" skip="0">All Tests</stat>
</total>
<tag>
</tag>
<suite>
<stat pass="0" fail="1" skip="0" id="s1" name="QuickTest">QuickTest</stat>
</suite>
</statistics>
<errors>
</errors>
</robot>
